2014/02/24 14:26:48 [error] [exception.CHttpException.404] exception 'CHttpException' with message 'Unable to resolve the request "gii".' in C:\xampp\htdocs\ibad\ibad\yii\framework\web\CWebApplication.php:286
Stack trace:
#0 C:\xampp\htdocs\ibad\ibad\yii\framework\web\CWebApplication.php(141): CWebApplication->runController('gii')
#1 C:\xampp\htdocs\ibad\ibad\yii\framework\base\CApplication.php(169): CWebApplication->processRequest()
#2 C:\xampp\htdocs\ibad\ibad\FP2\index.php(13): CApplication->run()
#3 {main}
REQUEST_URI=/ibad/ibad/FP2/index.php?r=gii
---
2014/03/07 05:33:53 [error] [exception.CException] exception 'CException' with message 'Alias "application.components.ArtMenu" is invalid. Make sure it points to an existing PHP file and the file is readable.' in C:\xampp\htdocs\ibad\ibad\yii\framework\YiiBase.php:316
Stack trace:
#0 C:\xampp\htdocs\ibad\ibad\yii\framework\web\CWidgetFactory.php(146): YiiBase::import('application.com...', true)
#1 C:\xampp\htdocs\ibad\ibad\yii\framework\web\CBaseController.php(146): CWidgetFactory->createWidget(Object(SiteController), 'application.com...', Array)
#2 C:\xampp\htdocs\ibad\ibad\yii\framework\web\CBaseController.php(172): CBaseController->createWidget('application.com...', Array)
#3 C:\xampp\htdocs\ibad\ibad\SYP\themes\biskit\views\layouts\main.php(45): CBaseController->widget('application.com...', Array)
#4 C:\xampp\htdocs\ibad\ibad\yii\framework\web\CBaseController.php(126): require('C:\xampp\htdocs...')
#5 C:\xampp\htdocs\ibad\ibad\yii\framework\web\CBaseController.php(95): CBaseController->renderInternal('C:\xampp\htdocs...', Array, true)
#6 C:\xampp\htdocs\ibad\ibad\yii\framework\web\widgets\CContentDecorator.php(76): CBaseController->renderFile('C:\xampp\htdocs...', Array, true)
#7 C:\xampp\htdocs\ibad\ibad\yii\framework\web\widgets\CContentDecorator.php(54): CContentDecorator->decorate('<div class="art...')
#8 C:\xampp\htdocs\ibad\ibad\yii\framework\web\widgets\COutputProcessor.php(44): CContentDecorator->processOutput('<div class="art...')
#9 C:\xampp\htdocs\ibad\ibad\yii\framework\web\CBaseController.php(206): COutputProcessor->run()
#10 C:\xampp\htdocs\ibad\ibad\yii\framework\web\CBaseController.php(300): CBaseController->endWidget('CContentDecorat...')
#11 C:\xampp\htdocs\ibad\ibad\SYP\themes\biskit\views\layouts\column1.php(16): CBaseController->endContent()
#12 C:\xampp\htdocs\ibad\ibad\yii\framework\web\CBaseController.php(126): require('C:\xampp\htdocs...')
#13 C:\xampp\htdocs\ibad\ibad\yii\framework\web\CBaseController.php(95): CBaseController->renderInternal('C:\xampp\htdocs...', Array, true)
#14 C:\xampp\htdocs\ibad\ibad\yii\framework\web\CController.php(784): CBaseController->renderFile('C:\xampp\htdocs...', Array, true)
#15 C:\xampp\htdocs\ibad\ibad\SYP\protected\controllers\SiteController.php(32): CController->render('index')
#16 C:\xampp\htdocs\ibad\ibad\yii\framework\web\actions\CInlineAction.php(49): SiteController->actionIndex()
#17 C:\xampp\htdocs\ibad\ibad\yii\framework\web\CController.php(308): CInlineAction->runWithParams(Array)
#18 C:\xampp\htdocs\ibad\ibad\yii\framework\web\CController.php(286): CController->runAction(Object(CInlineAction))
#19 C:\xampp\htdocs\ibad\ibad\yii\framework\web\CController.php(265): CController->runActionWithFilters(Object(CInlineAction), Array)
#20 C:\xampp\htdocs\ibad\ibad\yii\framework\web\CWebApplication.php(282): CController->run('')
#21 C:\xampp\htdocs\ibad\ibad\yii\framework\web\CWebApplication.php(141): CWebApplication->runController('')
#22 C:\xampp\htdocs\ibad\ibad\yii\framework\base\CApplication.php(169): CWebApplication->processRequest()
#23 C:\xampp\htdocs\ibad\ibad\SYP\index.php(13): CApplication->run()
#24 {main}
REQUEST_URI=/ibad/ibad/SYP/
---
2014/03/07 05:34:18 [error] [exception.CException] exception 'CException' with message 'Alias "application.components.ArtMenu" is invalid. Make sure it points to an existing PHP file and the file is readable.' in C:\xampp\htdocs\ibad\ibad\yii\framework\YiiBase.php:316
Stack trace:
#0 C:\xampp\htdocs\ibad\ibad\yii\framework\web\CWidgetFactory.php(146): YiiBase::import('application.com...', true)
#1 C:\xampp\htdocs\ibad\ibad\yii\framework\web\CBaseController.php(146): CWidgetFactory->createWidget(Object(SiteController), 'application.com...', Array)
#2 C:\xampp\htdocs\ibad\ibad\yii\framework\web\CBaseController.php(172): CBaseController->createWidget('application.com...', Array)
#3 C:\xampp\htdocs\ibad\ibad\SYP\themes\biskit\views\layouts\main.php(45): CBaseController->widget('application.com...', Array)
#4 C:\xampp\htdocs\ibad\ibad\yii\framework\web\CBaseController.php(126): require('C:\xampp\htdocs...')
#5 C:\xampp\htdocs\ibad\ibad\yii\framework\web\CBaseController.php(95): CBaseController->renderInternal('C:\xampp\htdocs...', Array, true)
#6 C:\xampp\htdocs\ibad\ibad\yii\framework\web\widgets\CContentDecorator.php(76): CBaseController->renderFile('C:\xampp\htdocs...', Array, true)
#7 C:\xampp\htdocs\ibad\ibad\yii\framework\web\widgets\CContentDecorator.php(54): CContentDecorator->decorate('<div class="art...')
#8 C:\xampp\htdocs\ibad\ibad\yii\framework\web\widgets\COutputProcessor.php(44): CContentDecorator->processOutput('<div class="art...')
#9 C:\xampp\htdocs\ibad\ibad\yii\framework\web\CBaseController.php(206): COutputProcessor->run()
#10 C:\xampp\htdocs\ibad\ibad\yii\framework\web\CBaseController.php(300): CBaseController->endWidget('CContentDecorat...')
#11 C:\xampp\htdocs\ibad\ibad\SYP\themes\biskit\views\layouts\column1.php(16): CBaseController->endContent()
#12 C:\xampp\htdocs\ibad\ibad\yii\framework\web\CBaseController.php(126): require('C:\xampp\htdocs...')
#13 C:\xampp\htdocs\ibad\ibad\yii\framework\web\CBaseController.php(95): CBaseController->renderInternal('C:\xampp\htdocs...', Array, true)
#14 C:\xampp\htdocs\ibad\ibad\yii\framework\web\CController.php(784): CBaseController->renderFile('C:\xampp\htdocs...', Array, true)
#15 C:\xampp\htdocs\ibad\ibad\SYP\protected\controllers\SiteController.php(32): CController->render('index')
#16 C:\xampp\htdocs\ibad\ibad\yii\framework\web\actions\CInlineAction.php(49): SiteController->actionIndex()
#17 C:\xampp\htdocs\ibad\ibad\yii\framework\web\CController.php(308): CInlineAction->runWithParams(Array)
#18 C:\xampp\htdocs\ibad\ibad\yii\framework\web\CController.php(286): CController->runAction(Object(CInlineAction))
#19 C:\xampp\htdocs\ibad\ibad\yii\framework\web\CController.php(265): CController->runActionWithFilters(Object(CInlineAction), Array)
#20 C:\xampp\htdocs\ibad\ibad\yii\framework\web\CWebApplication.php(282): CController->run('')
#21 C:\xampp\htdocs\ibad\ibad\yii\framework\web\CWebApplication.php(141): CWebApplication->runController('')
#22 C:\xampp\htdocs\ibad\ibad\yii\framework\base\CApplication.php(169): CWebApplication->processRequest()
#23 C:\xampp\htdocs\ibad\ibad\SYP\index.php(13): CApplication->run()
#24 {main}
REQUEST_URI=/ibad/ibad/SYP/
---
2014/03/07 05:34:21 [error] [exception.CException] exception 'CException' with message 'Alias "application.components.ArtMenu" is invalid. Make sure it points to an existing PHP file and the file is readable.' in C:\xampp\htdocs\ibad\ibad\yii\framework\YiiBase.php:316
Stack trace:
#0 C:\xampp\htdocs\ibad\ibad\yii\framework\web\CWidgetFactory.php(146): YiiBase::import('application.com...', true)
#1 C:\xampp\htdocs\ibad\ibad\yii\framework\web\CBaseController.php(146): CWidgetFactory->createWidget(Object(SiteController), 'application.com...', Array)
#2 C:\xampp\htdocs\ibad\ibad\yii\framework\web\CBaseController.php(172): CBaseController->createWidget('application.com...', Array)
#3 C:\xampp\htdocs\ibad\ibad\SYP\themes\biskit\views\layouts\main.php(45): CBaseController->widget('application.com...', Array)
#4 C:\xampp\htdocs\ibad\ibad\yii\framework\web\CBaseController.php(126): require('C:\xampp\htdocs...')
#5 C:\xampp\htdocs\ibad\ibad\yii\framework\web\CBaseController.php(95): CBaseController->renderInternal('C:\xampp\htdocs...', Array, true)
#6 C:\xampp\htdocs\ibad\ibad\yii\framework\web\widgets\CContentDecorator.php(76): CBaseController->renderFile('C:\xampp\htdocs...', Array, true)
#7 C:\xampp\htdocs\ibad\ibad\yii\framework\web\widgets\CContentDecorator.php(54): CContentDecorator->decorate('<div class="art...')
#8 C:\xampp\htdocs\ibad\ibad\yii\framework\web\widgets\COutputProcessor.php(44): CContentDecorator->processOutput('<div class="art...')
#9 C:\xampp\htdocs\ibad\ibad\yii\framework\web\CBaseController.php(206): COutputProcessor->run()
#10 C:\xampp\htdocs\ibad\ibad\yii\framework\web\CBaseController.php(300): CBaseController->endWidget('CContentDecorat...')
#11 C:\xampp\htdocs\ibad\ibad\SYP\themes\biskit\views\layouts\column1.php(16): CBaseController->endContent()
#12 C:\xampp\htdocs\ibad\ibad\yii\framework\web\CBaseController.php(126): require('C:\xampp\htdocs...')
#13 C:\xampp\htdocs\ibad\ibad\yii\framework\web\CBaseController.php(95): CBaseController->renderInternal('C:\xampp\htdocs...', Array, true)
#14 C:\xampp\htdocs\ibad\ibad\yii\framework\web\CController.php(784): CBaseController->renderFile('C:\xampp\htdocs...', Array, true)
#15 C:\xampp\htdocs\ibad\ibad\SYP\protected\controllers\SiteController.php(32): CController->render('index')
#16 C:\xampp\htdocs\ibad\ibad\yii\framework\web\actions\CInlineAction.php(49): SiteController->actionIndex()
#17 C:\xampp\htdocs\ibad\ibad\yii\framework\web\CController.php(308): CInlineAction->runWithParams(Array)
#18 C:\xampp\htdocs\ibad\ibad\yii\framework\web\CController.php(286): CController->runAction(Object(CInlineAction))
#19 C:\xampp\htdocs\ibad\ibad\yii\framework\web\CController.php(265): CController->runActionWithFilters(Object(CInlineAction), Array)
#20 C:\xampp\htdocs\ibad\ibad\yii\framework\web\CWebApplication.php(282): CController->run('')
#21 C:\xampp\htdocs\ibad\ibad\yii\framework\web\CWebApplication.php(141): CWebApplication->runController('')
#22 C:\xampp\htdocs\ibad\ibad\yii\framework\base\CApplication.php(169): CWebApplication->processRequest()
#23 C:\xampp\htdocs\ibad\ibad\SYP\index.php(13): CApplication->run()
#24 {main}
REQUEST_URI=/ibad/ibad/SYP/
---
2014/03/10 10:47:33 [error] [exception.CHttpException.404] exception 'CHttpException' with message 'The requested view "index" was not found.' in C:\xampp\htdocs\ibad\ibad\yii\framework\web\actions\CViewAction.php:112
Stack trace:
#0 C:\xampp\htdocs\ibad\ibad\yii\framework\web\actions\CViewAction.php(123): CViewAction->resolveView('index')
#1 C:\xampp\htdocs\ibad\ibad\yii\framework\web\actions\CAction.php(76): CViewAction->run()
#2 C:\xampp\htdocs\ibad\ibad\yii\framework\web\CController.php(308): CAction->runWithParams(Array)
#3 C:\xampp\htdocs\ibad\ibad\yii\framework\web\CController.php(286): CController->runAction(Object(CViewAction))
#4 C:\xampp\htdocs\ibad\ibad\yii\framework\web\CController.php(265): CController->runActionWithFilters(Object(CViewAction), Array)
#5 C:\xampp\htdocs\ibad\ibad\yii\framework\web\CWebApplication.php(282): CController->run('page')
#6 C:\xampp\htdocs\ibad\ibad\yii\framework\web\CWebApplication.php(141): CWebApplication->runController('site/page')
#7 C:\xampp\htdocs\ibad\ibad\yii\framework\base\CApplication.php(169): CWebApplication->processRequest()
#8 C:\xampp\htdocs\ibad\ibad\SYP\index.php(13): CApplication->run()
#9 {main}
REQUEST_URI=/ibad/ibad/SYP/index.php?r=site/page
---
2014/03/10 10:47:54 [error] [exception.CException] exception 'CException' with message 'SiteController cannot find the requested view "contact".' in C:\xampp\htdocs\ibad\ibad\yii\framework\web\CController.php:878
Stack trace:
#0 C:\xampp\htdocs\ibad\ibad\yii\framework\web\CController.php(782): CController->renderPartial('contact', Array, true)
#1 C:\xampp\htdocs\ibad\ibad\SYP\protected\controllers\SiteController.php(72): CController->render('contact', Array)
#2 C:\xampp\htdocs\ibad\ibad\yii\framework\web\actions\CInlineAction.php(49): SiteController->actionContact()
#3 C:\xampp\htdocs\ibad\ibad\yii\framework\web\CController.php(308): CInlineAction->runWithParams(Array)
#4 C:\xampp\htdocs\ibad\ibad\yii\framework\web\CController.php(286): CController->runAction(Object(CInlineAction))
#5 C:\xampp\htdocs\ibad\ibad\yii\framework\web\CController.php(265): CController->runActionWithFilters(Object(CInlineAction), Array)
#6 C:\xampp\htdocs\ibad\ibad\yii\framework\web\CWebApplication.php(282): CController->run('contact')
#7 C:\xampp\htdocs\ibad\ibad\yii\framework\web\CWebApplication.php(141): CWebApplication->runController('site/contact')
#8 C:\xampp\htdocs\ibad\ibad\yii\framework\base\CApplication.php(169): CWebApplication->processRequest()
#9 C:\xampp\htdocs\ibad\ibad\SYP\index.php(13): CApplication->run()
#10 {main}
REQUEST_URI=/ibad/ibad/SYP/index.php?r=site/contact
---
2014/03/10 10:47:56 [error] [exception.CHttpException.404] exception 'CHttpException' with message 'The requested view "index" was not found.' in C:\xampp\htdocs\ibad\ibad\yii\framework\web\actions\CViewAction.php:112
Stack trace:
#0 C:\xampp\htdocs\ibad\ibad\yii\framework\web\actions\CViewAction.php(123): CViewAction->resolveView('index')
#1 C:\xampp\htdocs\ibad\ibad\yii\framework\web\actions\CAction.php(76): CViewAction->run()
#2 C:\xampp\htdocs\ibad\ibad\yii\framework\web\CController.php(308): CAction->runWithParams(Array)
#3 C:\xampp\htdocs\ibad\ibad\yii\framework\web\CController.php(286): CController->runAction(Object(CViewAction))
#4 C:\xampp\htdocs\ibad\ibad\yii\framework\web\CController.php(265): CController->runActionWithFilters(Object(CViewAction), Array)
#5 C:\xampp\htdocs\ibad\ibad\yii\framework\web\CWebApplication.php(282): CController->run('page')
#6 C:\xampp\htdocs\ibad\ibad\yii\framework\web\CWebApplication.php(141): CWebApplication->runController('site/page')
#7 C:\xampp\htdocs\ibad\ibad\yii\framework\base\CApplication.php(169): CWebApplication->processRequest()
#8 C:\xampp\htdocs\ibad\ibad\SYP\index.php(13): CApplication->run()
#9 {main}
REQUEST_URI=/ibad/ibad/SYP/index.php?r=site/page
---
2014/03/10 10:48:04 [error] [exception.CException] exception 'CException' with message 'SiteController cannot find the requested view "contact".' in C:\xampp\htdocs\ibad\ibad\yii\framework\web\CController.php:878
Stack trace:
#0 C:\xampp\htdocs\ibad\ibad\yii\framework\web\CController.php(782): CController->renderPartial('contact', Array, true)
#1 C:\xampp\htdocs\ibad\ibad\SYP\protected\controllers\SiteController.php(72): CController->render('contact', Array)
#2 C:\xampp\htdocs\ibad\ibad\yii\framework\web\actions\CInlineAction.php(49): SiteController->actionContact()
#3 C:\xampp\htdocs\ibad\ibad\yii\framework\web\CController.php(308): CInlineAction->runWithParams(Array)
#4 C:\xampp\htdocs\ibad\ibad\yii\framework\web\CController.php(286): CController->runAction(Object(CInlineAction))
#5 C:\xampp\htdocs\ibad\ibad\yii\framework\web\CController.php(265): CController->runActionWithFilters(Object(CInlineAction), Array)
#6 C:\xampp\htdocs\ibad\ibad\yii\framework\web\CWebApplication.php(282): CController->run('contact')
#7 C:\xampp\htdocs\ibad\ibad\yii\framework\web\CWebApplication.php(141): CWebApplication->runController('site/contact')
#8 C:\xampp\htdocs\ibad\ibad\yii\framework\base\CApplication.php(169): CWebApplication->processRequest()
#9 C:\xampp\htdocs\ibad\ibad\SYP\index.php(13): CApplication->run()
#10 {main}
REQUEST_URI=/ibad/ibad/SYP/index.php?r=site/contact
---
2014/03/10 10:49:05 [error] [exception.CHttpException.404] exception 'CHttpException' with message 'The system is unable to find the requested action "contact".' in C:\xampp\htdocs\ibad\ibad\yii\framework\web\CController.php:483
Stack trace:
#0 C:\xampp\htdocs\ibad\ibad\yii\framework\web\CController.php(270): CController->missingAction('contact')
#1 C:\xampp\htdocs\ibad\ibad\yii\framework\web\CWebApplication.php(282): CController->run('contact')
#2 C:\xampp\htdocs\ibad\ibad\yii\framework\web\CWebApplication.php(141): CWebApplication->runController('site/contact')
#3 C:\xampp\htdocs\ibad\ibad\yii\framework\base\CApplication.php(169): CWebApplication->processRequest()
#4 C:\xampp\htdocs\ibad\ibad\SYP\index.php(13): CApplication->run()
#5 {main}
REQUEST_URI=/ibad/ibad/SYP/index.php?r=site/contact
---
2014/03/10 10:49:09 [error] [exception.CHttpException.404] exception 'CHttpException' with message 'The system is unable to find the requested action "contact".' in C:\xampp\htdocs\ibad\ibad\yii\framework\web\CController.php:483
Stack trace:
#0 C:\xampp\htdocs\ibad\ibad\yii\framework\web\CController.php(270): CController->missingAction('contact')
#1 C:\xampp\htdocs\ibad\ibad\yii\framework\web\CWebApplication.php(282): CController->run('contact')
#2 C:\xampp\htdocs\ibad\ibad\yii\framework\web\CWebApplication.php(141): CWebApplication->runController('site/contact')
#3 C:\xampp\htdocs\ibad\ibad\yii\framework\base\CApplication.php(169): CWebApplication->processRequest()
#4 C:\xampp\htdocs\ibad\ibad\SYP\index.php(13): CApplication->run()
#5 {main}
REQUEST_URI=/ibad/ibad/SYP/index.php?r=site/contact
---
2014/03/11 01:58:20 [error] [exception.CHttpException.404] exception 'CHttpException' with message 'The system is unable to find the requested action "gii".' in C:\xampp\htdocs\ibad\ibad\yii\framework\web\CController.php:483
Stack trace:
#0 C:\xampp\htdocs\ibad\ibad\yii\framework\web\CController.php(270): CController->missingAction('gii')
#1 C:\xampp\htdocs\ibad\ibad\yii\framework\web\CWebApplication.php(282): CController->run('gii')
#2 C:\xampp\htdocs\ibad\ibad\yii\framework\web\CWebApplication.php(141): CWebApplication->runController('site/gii')
#3 C:\xampp\htdocs\ibad\ibad\yii\framework\base\CApplication.php(169): CWebApplication->processRequest()
#4 C:\xampp\htdocs\ibad\ibad\SYP\index.php(13): CApplication->run()
#5 {main}
REQUEST_URI=/ibad/ibad/SYP/index.php?r=site/gii
---
2014/03/11 02:46:14 [error] [exception.CDbException] exception 'CDbException' with message 'CDbConnection failed to open the DB connection: SQLSTATE[HY000] [1049] Unknown database 'libraryng'' in C:\xampp\htdocs\ibad\ibad\yii\framework\db\CDbConnection.php:381
Stack trace:
#0 C:\xampp\htdocs\ibad\ibad\yii\framework\db\CDbConnection.php(330): CDbConnection->open()
#1 C:\xampp\htdocs\ibad\ibad\yii\framework\db\CDbConnection.php(308): CDbConnection->setActive(true)
#2 C:\xampp\htdocs\ibad\ibad\yii\framework\base\CModule.php(387): CDbConnection->init()
#3 C:\xampp\htdocs\ibad\ibad\yii\framework\base\CModule.php(103): CModule->getComponent('db')
#4 C:\xampp\htdocs\ibad\ibad\yii\framework\gii\generators\crud\CrudCode.php(44): CModule->__get('db')
#5 C:\xampp\htdocs\ibad\ibad\yii\framework\web\CFormModel.php(39): CrudCode->init()
#6 C:\xampp\htdocs\ibad\ibad\yii\framework\gii\CCodeGenerator.php(153): CFormModel->__construct()
#7 C:\xampp\htdocs\ibad\ibad\yii\framework\gii\CCodeGenerator.php(63): CCodeGenerator->prepare()
#8 C:\xampp\htdocs\ibad\ibad\yii\framework\web\actions\CInlineAction.php(49): CCodeGenerator->actionIndex()
#9 C:\xampp\htdocs\ibad\ibad\yii\framework\web\CController.php(308): CInlineAction->runWithParams(Array)
#10 C:\xampp\htdocs\ibad\ibad\yii\framework\web\CController.php(286): CController->runAction(Object(CInlineAction))
#11 C:\xampp\htdocs\ibad\ibad\yii\framework\web\CController.php(265): CController->runActionWithFilters(Object(CInlineAction), Array)
#12 C:\xampp\htdocs\ibad\ibad\yii\framework\web\CWebApplication.php(282): CController->run('')
#13 C:\xampp\htdocs\ibad\ibad\yii\framework\web\CWebApplication.php(141): CWebApplication->runController('gii/crud')
#14 C:\xampp\htdocs\ibad\ibad\yii\framework\base\CApplication.php(169): CWebApplication->processRequest()
#15 C:\xampp\htdocs\ibad\ibad\SYP\index.php(13): CApplication->run()
#16 {main}
REQUEST_URI=/ibad/ibad/SYP/index.php?r=gii/crud
HTTP_REFERER=http://localhost/ibad/ibad/SYP/index.php?r=gii/default/index
---
